[debug] [2023-09-30T07:20:28.574Z] ----------------------------------------------------------------------
[debug] [2023-09-30T07:20:28.576Z] Command:       /home/vonnue-dell-05/.nvm/versions/node/v18.17.1/bin/node /home/vonnue-dell-05/.nvm/versions/node/v18.17.1/bin/firebase init
[debug] [2023-09-30T07:20:28.576Z] CLI Version:   12.5.4
[debug] [2023-09-30T07:20:28.577Z] Platform:      linux
[debug] [2023-09-30T07:20:28.577Z] Node Version:  v18.17.1
[debug] [2023-09-30T07:20:28.577Z] Time:          Sat Sep 30 2023 12:50:28 GMT+0530 (India Standard Time)
[debug] [2023-09-30T07:20:28.578Z] ----------------------------------------------------------------------
[debug] 
[debug] [2023-09-30T07:20:28.586Z] > command requires scopes: ["email","openid","https://www.googleapis.com/auth/cloudplatformprojects.readonly","https://www.googleapis.com/auth/firebase","https://www.googleapis.com/auth/cloud-platform"]
[debug] [2023-09-30T07:20:28.587Z] > authorizing via signed-in user (john.paul@vonnue.com)
[info] 
     ######## #### ########  ######## ########     ###     ######  ########
     ##        ##  ##     ## ##       ##     ##  ##   ##  ##       ##
     ######    ##  ########  ######   ########  #########  ######  ######
     ##        ##  ##    ##  ##       ##     ## ##     ##       ## ##
     ##       #### ##     ## ######## ########  ##     ##  ######  ########

You're about to initialize a Firebase project in this directory:

  /home/vonnue-dell-05/Documents/learn/react_firebase

[info] 
=== Project Setup
[info] 
[info] First, let's associate this project directory with a Firebase project.
[info] You can create multiple project aliases by running firebase use --add, 
[info] but for now we'll just set up a default project.
[info] 
[debug] [2023-09-30T07:20:42.594Z] >>> [apiv2][query] GET https://firebase.googleapis.com/v1beta1/projects pageSize=100
[debug] [2023-09-30T07:20:44.791Z] <<< [apiv2][status] GET https://firebase.googleapis.com/v1beta1/projects 200
[debug] [2023-09-30T07:20:44.791Z] <<< [apiv2][body] GET https://firebase.googleapis.com/v1beta1/projects [omitted]
[info] i  Using project fir-course-b3ac4 (firebase-course) 
[info] 
=== Hosting Setup
[info] 
[info] Your public directory is the folder (relative to your project directory) that
[info] will contain Hosting assets to be uploaded with firebase deploy. If you
[info] have a build process for your assets, use your build's output directory.
[info] 
[info] ✔  Wrote public/404.html 
[debug] [2023-09-30T07:28:34.261Z] >>> [apiv2][query] GET https://www.gstatic.com/firebasejs/releases.json [none]
[debug] [2023-09-30T07:28:34.594Z] <<< [apiv2][status] GET https://www.gstatic.com/firebasejs/releases.json 200
[debug] [2023-09-30T07:28:34.595Z] <<< [apiv2][body] GET https://www.gstatic.com/firebasejs/releases.json {"current":{"version":"10.4.0","browserURL":"https://www.gstatic.com/firebasejs/10.4.0/firebase.js","packageURL":"https://www.gstatic.com/firebasejs/10.4.0/firebase.tgz"},"live":{"version":"10.4","browserURL":"https://www.gstatic.com/firebasejs/live/10.4/firebase.js","packageURL":"https://www.gstatic.com/firebasejs/live/10.4/firebase.tgz"},"components":{"analytics":"https://www.gstatic.com/firebasejs/10.4.0/firebase-analytics.js","app":"https://www.gstatic.com/firebasejs/10.4.0/firebase-app.js","app-check":"https://www.gstatic.com/firebasejs/10.4.0/firebase-app-check.js","auth":"https://www.gstatic.com/firebasejs/10.4.0/firebase-auth.js","auth/cordova":"https://www.gstatic.com/firebasejs/10.4.0/firebase-auth/cordova.js","functions":"https://www.gstatic.com/firebasejs/10.4.0/firebase-functions.js","firestore":"https://www.gstatic.com/firebasejs/10.4.0/firebase-firestore.js","firestore/lite":"https://www.gstatic.com/firebasejs/10.4.0/firebase-firestore/lite.js","installations":"https://www.gstatic.com/firebasejs/10.4.0/firebase-installations.js","storage":"https://www.gstatic.com/firebasejs/10.4.0/firebase-storage.js","performance":"https://www.gstatic.com/firebasejs/10.4.0/firebase-performance.js","remote-config":"https://www.gstatic.com/firebasejs/10.4.0/firebase-remote-config.js","messaging":"https://www.gstatic.com/firebasejs/10.4.0/firebase-messaging.js","messaging/sw":"https://www.gstatic.com/firebasejs/10.4.0/firebase-messaging/sw.js","database":"https://www.gstatic.com/firebasejs/10.4.0/firebase-database.js","firestore.memory":"https://www.gstatic.com/firebasejs/10.4.0/firebase-firestore.memory.js"}}
[info] i  Skipping write of public/index.html 
[info] 
[info] i  Detected a .git folder at /home/vonnue-dell-05/Documents/learn/react_firebase 
[info] i  Authorizing with GitHub to upload your service account to a GitHub repository's secrets store. 
[info] 
[info] Visit this URL on this device to log in:
[info] https://github.com/login/oauth/authorize?client_id=89cf50f02ac6aaed3484&state=537914384&redirect_uri=http%3A%2F%2Flocalhost%3A9005&scope=read%3Auser%20repo%20public_repo
[info] 
[info] Waiting for authentication...
[debug] [2023-09-30T07:33:41.365Z] >>> [apiv2][query] POST https://github.com/login/oauth/access_token [none]
[debug] [2023-09-30T07:33:41.366Z] >>> [apiv2][body] POST https://github.com/login/oauth/access_token [stream]
[debug] [2023-09-30T07:33:42.013Z] <<< [apiv2][status] POST https://github.com/login/oauth/access_token 200
[debug] [2023-09-30T07:33:42.014Z] <<< [apiv2][body] POST https://github.com/login/oauth/access_token {"access_token":"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","token_type":"bearer","scope":"read:user,repo"}
[debug] [2023-09-30T07:33:42.047Z] >>> [apiv2][query] GET https://api.github.com/user [none]
[debug] [2023-09-30T07:33:42.721Z] <<< [apiv2][status] GET https://api.github.com/user 200
[debug] [2023-09-30T07:33:42.722Z] <<< [apiv2][body] GET https://api.github.com/user {"login":"johnpathadan1","id":123753395,"node_id":"U_kgDOB2BTsw","avatar_url":"https://avatars.githubusercontent.com/u/123753395?v=4","gravatar_id":"","url":"https://api.github.com/users/johnpathadan1","html_url":"https://github.com/johnpathadan1","followers_url":"https://api.github.com/users/johnpathadan1/followers","following_url":"https://api.github.com/users/johnpathadan1/following{/other_user}","gists_url":"https://api.github.com/users/johnpathadan1/gists{/gist_id}","starred_url":"https://api.github.com/users/johnpathadan1/starred{/owner}{/repo}","subscriptions_url":"https://api.github.com/users/johnpathadan1/subscriptions","organizations_url":"https://api.github.com/users/johnpathadan1/orgs","repos_url":"https://api.github.com/users/johnpathadan1/repos","events_url":"https://api.github.com/users/johnpathadan1/events{/privacy}","received_events_url":"https://api.github.com/users/johnpathadan1/received_events","type":"User","site_admin":false,"name":"John Pathadan","company":"Vonnue","blog":"","location":"Wayanad","email":null,"hireable":null,"bio":"Junior Developer","twitter_username":"johnpathadan","public_repos":0,"public_gists":0,"followers":0,"following":0,"created_at":"2023-01-27T15:13:23Z","updated_at":"2023-08-31T05:09:01Z","private_gists":0,"total_private_repos":1,"owned_private_repos":1,"disk_usage":860,"collaborators":0,"two_factor_authentication":false,"plan":{"name":"free","space":976562499,"collaborators":0,"private_repos":10000}}
[info] 
[info] ✔  Success! Logged into GitHub as johnpathadan1 
[info] 
